11:12:18 - [EXISTING] D:\vit\vit_cp_project\FileTracker\.git\COMMIT_EDITMSG
11:12:18 - [EXISTING] D:\vit\vit_cp_project\FileTracker\.git\config
11:12:18 - [EXISTING] D:\vit\vit_cp_project\FileTracker\.git\description
11:12:18 - [EXISTING] D:\vit\vit_cp_project\FileTracker\.git\FETCH_HEAD
11:12:18 - [EXISTING] D:\vit\vit_cp_project\FileTracker\.git\HEAD
11:12:18 - [EXISTING] D:\vit\vit_cp_project\FileTracker\.git\hooks\applypatch-msg.sample
11:12:18 - [EXISTING] D:\vit\vit_cp_project\FileTracker\.git\hooks\commit-msg.sample
11:12:18 - [EXISTING] D:\vit\vit_cp_project\FileTracker\.git\hooks\fsmonitor-watchman.sample
11:12:18 - [EXISTING] D:\vit\vit_cp_project\FileTracker\.git\hooks\post-update.sample
11:12:18 - [EXISTING] D:\vit\vit_cp_project\FileTracker\.git\hooks\pre-applypatch.sample
11:12:18 - [EXISTING] D:\vit\vit_cp_project\FileTracker\.git\hooks\pre-commit.sample
11:12:18 - [EXISTING] D:\vit\vit_cp_project\FileTracker\.git\hooks\pre-merge-commit.sample
11:12:18 - [EXISTING] D:\vit\vit_cp_project\FileTracker\.git\hooks\pre-push.sample
11:12:18 - [EXISTING] D:\vit\vit_cp_project\FileTracker\.git\hooks\pre-rebase.sample
11:12:18 - [EXISTING] D:\vit\vit_cp_project\FileTracker\.git\hooks\pre-receive.sample
11:12:18 - [EXISTING] D:\vit\vit_cp_project\FileTracker\.git\hooks\prepare-commit-msg.sample
11:12:18 - [EXISTING] D:\vit\vit_cp_project\FileTracker\.git\hooks\push-to-checkout.sample
11:12:18 - [EXISTING] D:\vit\vit_cp_project\FileTracker\.git\hooks\sendemail-validate.sample
11:12:18 - [EXISTING] D:\vit\vit_cp_project\FileTracker\.git\hooks\update.sample
11:12:18 - [EXISTING] D:\vit\vit_cp_project\FileTracker\.git\index
11:12:18 - [EXISTING] D:\vit\vit_cp_project\FileTracker\.git\info\exclude
11:12:18 - [EXISTING] D:\vit\vit_cp_project\FileTracker\.git\logs\HEAD
11:12:18 - [EXISTING] D:\vit\vit_cp_project\FileTracker\.git\logs\refs\heads\main
11:12:18 - [EXISTING] D:\vit\vit_cp_project\FileTracker\.git\logs\refs\remotes\origin\HEAD
11:12:18 - [EXISTING] D:\vit\vit_cp_project\FileTracker\.git\logs\refs\remotes\origin\main
11:12:18 - [EXISTING] D:\vit\vit_cp_project\FileTracker\.git\objects\09\327a3ef9aa2c116a039a1a1b58a58f6b18a5c7
11:12:18 - [EXISTING] D:\vit\vit_cp_project\FileTracker\.git\objects\0c\8dfc257388b29237dc42207870e7a9fe6afff4
11:12:18 - [EXISTING] D:\vit\vit_cp_project\FileTracker\.git\objects\0f\d66ccf4bffac18430660b7b1764798c73837dd
11:12:18 - [EXISTING] D:\vit\vit_cp_project\FileTracker\.git\objects\18\be5dd8fa26e9cd83ffe368926a74d9e4981a9f
11:12:18 - [EXISTING] D:\vit\vit_cp_project\FileTracker\.git\objects\21\0b5323c07af7ac62433df510bc35f9e95884c3
11:12:18 - [EXISTING] D:\vit\vit_cp_project\FileTracker\.git\objects\26\32698e9ec6d5d4de78ac0e3ba5ad49f891b3f3
11:12:18 - [EXISTING] D:\vit\vit_cp_project\FileTracker\.git\objects\27\a41b39e24333534f8b5c9ce21e63e4f527da1a
11:12:18 - [EXISTING] D:\vit\vit_cp_project\FileTracker\.git\objects\29\7faab8e06d0f3a887f1f808ef01b5dc2b5fc5f
11:12:18 - [EXISTING] D:\vit\vit_cp_project\FileTracker\.git\objects\29\a1e4f8ec0e8c33df42f556d109cb3c9e567346
11:12:18 - [EXISTING] D:\vit\vit_cp_project\FileTracker\.git\objects\2a\19372af93835b92053a9be585a4b3fe9a22f97
11:12:18 - [EXISTING] D:\vit\vit_cp_project\FileTracker\.git\objects\2a\91f2362160e8613ce0bf6bb7c585bd521fbe3e
11:12:18 - [EXISTING] D:\vit\vit_cp_project\FileTracker\.git\objects\3b\348ab43cb6b1457d5129076518a2a0a8997dd8
11:12:18 - [EXISTING] D:\vit\vit_cp_project\FileTracker\.git\objects\3d\5daf1fcfbac45af00a8771511ee05bd115ffb4
11:12:18 - [EXISTING] D:\vit\vit_cp_project\FileTracker\.git\objects\3e\ceb038a836ef3c96bc9b0ef709e645cfeb5c54
11:12:18 - [EXISTING] D:\vit\vit_cp_project\FileTracker\.git\objects\43\94c7addebf5f209035373837ca73682f36c8bb
11:12:18 - [EXISTING] D:\vit\vit_cp_project\FileTracker\.git\objects\52\090b1d99e77336d0c1bedce075627bb1173ea9
11:12:18 - [EXISTING] D:\vit\vit_cp_project\FileTracker\.git\objects\57\72fc1ea68d7cf97d380d60f432ef4653e2a3a8
11:12:18 - [EXISTING] D:\vit\vit_cp_project\FileTracker\.git\objects\64\a269fa35e4f85970af4630ffda65ad91101b3d
11:12:18 - [EXISTING] D:\vit\vit_cp_project\FileTracker\.git\objects\68\7550ed01d95189c45f0a498e76c84b6934c2e3
11:12:18 - [EXISTING] D:\vit\vit_cp_project\FileTracker\.git\objects\70\135f95169ade4590afd29f83671b2f61201c56
11:12:18 - [EXISTING] D:\vit\vit_cp_project\FileTracker\.git\objects\71\dbebd335645defceb1fd3c96a5a31a948726b4
11:12:18 - [EXISTING] D:\vit\vit_cp_project\FileTracker\.git\objects\72\ed03411d0933922c63fb03fb79c35b002907ad
11:12:18 - [EXISTING] D:\vit\vit_cp_project\FileTracker\.git\objects\78\96bf4280c939c916ebc1b09881a39b5d526bc7
11:12:18 - [EXISTING] D:\vit\vit_cp_project\FileTracker\.git\objects\7b\88efc4b496d7d92c4967d97645220f9588b15b
11:12:18 - [EXISTING] D:\vit\vit_cp_project\FileTracker\.git\objects\8d\1721bf5adc11799dd8f422d829e41edd1990ed
11:12:18 - [EXISTING] D:\vit\vit_cp_project\FileTracker\.git\objects\8e\f0ff8ffc395896c4ae4b75043180f371339069
11:12:18 - [EXISTING] D:\vit\vit_cp_project\FileTracker\.git\objects\91\8fb20c8e1b9115a95344ddbbd48a697af72fc8
11:12:18 - [EXISTING] D:\vit\vit_cp_project\FileTracker\.git\objects\91\ead4314ac750a905d8ad0b11c9f2a8b807a51a
11:12:18 - [EXISTING] D:\vit\vit_cp_project\FileTracker\.git\objects\a1\ce21a1d16e09e1001aa12ab2d942289744cf16
11:12:18 - [EXISTING] D:\vit\vit_cp_project\FileTracker\.git\objects\a7\539ce069340750a53384ac358e731582d05168
11:12:18 - [EXISTING] D:\vit\vit_cp_project\FileTracker\.git\objects\a9\2ce0d7ee663854d1148164d22eaf00d963b99b
11:12:18 - [EXISTING] D:\vit\vit_cp_project\FileTracker\.git\objects\aa\0224e4aba2a414db9ffa6da7d0c5c387c965b7
11:12:18 - [EXISTING] D:\vit\vit_cp_project\FileTracker\.git\objects\b7\2086bef55c673d94a2cb7fc0d135b7b60fe7d3
11:12:18 - [EXISTING] D:\vit\vit_cp_project\FileTracker\.git\objects\ba\92981b8e7269b7c14c492837b6ef993ba9dd9c
11:12:18 - [EXISTING] D:\vit\vit_cp_project\FileTracker\.git\objects\bd\e428a9cdef90a8ade0dc59403d5050f75abcc4
11:12:18 - [EXISTING] D:\vit\vit_cp_project\FileTracker\.git\objects\be\0eb0b71240279a7856c2e7ecadcbd817a9110d
11:12:18 - [EXISTING] D:\vit\vit_cp_project\FileTracker\.git\objects\c1\626b353feef433f2532adb76556319ef583b1e
11:12:18 - [EXISTING] D:\vit\vit_cp_project\FileTracker\.git\objects\c4\24849414bdfa055cb98afe9d70b901b73e4f0f
11:12:18 - [EXISTING] D:\vit\vit_cp_project\FileTracker\.git\objects\c4\33ae17173f2fb508087aa275708f3423f40527
11:12:18 - [EXISTING] D:\vit\vit_cp_project\FileTracker\.git\objects\ca\57281afb59d9a87192bd33985b89ccae4d560a
11:12:18 - [EXISTING] D:\vit\vit_cp_project\FileTracker\.git\objects\cd\fdedb1e59c2bba91e5ee5d39829b3c8c39c53e
11:12:18 - [EXISTING] D:\vit\vit_cp_project\FileTracker\.git\objects\d1\d02b1172b3f7a77c994932e107865a7d747e34
11:12:18 - [EXISTING] D:\vit\vit_cp_project\FileTracker\.git\objects\d2\724618d80b7ee495aa974faa61c6bdd43c3ef3
11:12:18 - [EXISTING] D:\vit\vit_cp_project\FileTracker\.git\objects\d2\df4ce7c0f77b6edc16b1a318f97dea9bb85f7c
11:12:18 - [EXISTING] D:\vit\vit_cp_project\FileTracker\.git\objects\de\f1ca57e352126fc2e587f65ffdf9ae00d9e8a0
11:12:18 - [EXISTING] D:\vit\vit_cp_project\FileTracker\.git\objects\e0\45dcdb616036dbdaba7d5848789ccdb01c8d3e
11:12:18 - [EXISTING] D:\vit\vit_cp_project\FileTracker\.git\objects\e6\9de29bb2d1d6434b8b29ae775ad8c2e48c5391
11:12:18 - [EXISTING] D:\vit\vit_cp_project\FileTracker\.git\objects\e8\f312a10044c9a9eb627a30cae504694201a27f
11:12:18 - [EXISTING] D:\vit\vit_cp_project\FileTracker\.git\objects\ef\faa275fb47f7dbbfc8d3b90e02fc45c93ef604
11:12:18 - [EXISTING] D:\vit\vit_cp_project\FileTracker\.git\objects\f4\ffca336454522d08d94afe27858711765f8753
11:12:18 - [EXISTING] D:\vit\vit_cp_project\FileTracker\.git\objects\f8\c7c94a23b2e297a12545c217c585b206580718
11:12:18 - [EXISTING] D:\vit\vit_cp_project\FileTracker\.git\ORIG_HEAD
11:12:18 - [EXISTING] D:\vit\vit_cp_project\FileTracker\.git\refs\heads\main
11:12:18 - [EXISTING] D:\vit\vit_cp_project\FileTracker\.git\refs\remotes\origin\HEAD
11:12:18 - [EXISTING] D:\vit\vit_cp_project\FileTracker\.git\refs\remotes\origin\main
11:12:18 - [EXISTING] D:\vit\vit_cp_project\FileTracker\.github\ISSUE_TEMPLATE\bug_report.md
11:12:18 - [EXISTING] D:\vit\vit_cp_project\FileTracker\.github\ISSUE_TEMPLATE\feature_request.md
11:12:18 - [EXISTING] D:\vit\vit_cp_project\FileTracker\.github\pull_request_template.md
11:12:18 - [EXISTING] D:\vit\vit_cp_project\FileTracker\.github\workflows\cpp_build.yml
11:12:18 - [EXISTING] D:\vit\vit_cp_project\FileTracker\build.bat
11:12:18 - [EXISTING] D:\vit\vit_cp_project\FileTracker\ChangeDetector.o
11:12:18 - [EXISTING] D:\vit\vit_cp_project\FileTracker\CODE_OF_CONDUCT.md
11:12:18 - [EXISTING] D:\vit\vit_cp_project\FileTracker\CONTRIBUTING.md
11:12:18 - [EXISTING] D:\vit\vit_cp_project\FileTracker\DirectorySnapshot.o
11:12:18 - [EXISTING] D:\vit\vit_cp_project\FileTracker\FileInfo.o
11:12:18 - [EXISTING] D:\vit\vit_cp_project\FileTracker\FileTracker.exe
11:12:18 - [EXISTING] D:\vit\vit_cp_project\FileTracker\FileTracker.o
11:12:18 - [EXISTING] D:\vit\vit_cp_project\FileTracker\FileWatcher.o
11:12:18 - [EXISTING] D:\vit\vit_cp_project\FileTracker\include\ChangeDetector.h
11:12:18 - [EXISTING] D:\vit\vit_cp_project\FileTracker\include\CommandProcessor.h
11:12:18 - [EXISTING] D:\vit\vit_cp_project\FileTracker\include\DirectorySnapshot.h
11:12:18 - [EXISTING] D:\vit\vit_cp_project\FileTracker\include\FileInfo.h
11:12:18 - [EXISTING] D:\vit\vit_cp_project\FileTracker\include\FileWatcher.h
11:12:18 - [EXISTING] D:\vit\vit_cp_project\FileTracker\include\ISerializable.h
11:12:18 - [EXISTING] D:\vit\vit_cp_project\FileTracker\include\Logger.h
11:12:18 - [EXISTING] D:\vit\vit_cp_project\FileTracker\include\SHA256.h
11:12:18 - [EXISTING] D:\vit\vit_cp_project\FileTracker\INSTALLATION.md
11:12:18 - [EXISTING] D:\vit\vit_cp_project\FileTracker\LICENSE
11:12:18 - [EXISTING] D:\vit\vit_cp_project\FileTracker\logs\tracker_2025-11-14.log
11:12:18 - [EXISTING] D:\vit\vit_cp_project\FileTracker\README.md
11:12:18 - [EXISTING] D:\vit\vit_cp_project\FileTracker\SHA256.o
11:12:18 - [EXISTING] D:\vit\vit_cp_project\FileTracker\src\ChangeDetector.cpp
11:12:18 - [EXISTING] D:\vit\vit_cp_project\FileTracker\src\CommandProcessor.cpp
11:12:18 - [EXISTING] D:\vit\vit_cp_project\FileTracker\src\DirectorySnapshot.cpp
11:12:18 - [EXISTING] D:\vit\vit_cp_project\FileTracker\src\FileInfo.cpp
11:12:18 - [EXISTING] D:\vit\vit_cp_project\FileTracker\src\FileTracker.cpp
11:12:18 - [EXISTING] D:\vit\vit_cp_project\FileTracker\src\FileWatcher.cpp
11:12:18 - [EXISTING] D:\vit\vit_cp_project\FileTracker\src\SHA256.cpp
11:12:19 - [ADDED] D:\vit\vit_cp_project\FileTracker\logs\tracker_2025-12-01.log
11:12:46 - [EXISTING] D:\vit\vit_cp_project\FileTracker\.git\COMMIT_EDITMSG
11:12:46 - [EXISTING] D:\vit\vit_cp_project\FileTracker\.git\config
11:12:46 - [EXISTING] D:\vit\vit_cp_project\FileTracker\.git\description
11:12:46 - [EXISTING] D:\vit\vit_cp_project\FileTracker\.git\FETCH_HEAD
11:12:46 - [EXISTING] D:\vit\vit_cp_project\FileTracker\.git\HEAD
11:12:46 - [EXISTING] D:\vit\vit_cp_project\FileTracker\.git\hooks\applypatch-msg.sample
11:12:46 - [EXISTING] D:\vit\vit_cp_project\FileTracker\.git\hooks\commit-msg.sample
11:12:46 - [EXISTING] D:\vit\vit_cp_project\FileTracker\.git\hooks\fsmonitor-watchman.sample
11:12:46 - [EXISTING] D:\vit\vit_cp_project\FileTracker\.git\hooks\post-update.sample
11:12:46 - [EXISTING] D:\vit\vit_cp_project\FileTracker\.git\hooks\pre-applypatch.sample
11:12:46 - [EXISTING] D:\vit\vit_cp_project\FileTracker\.git\hooks\pre-commit.sample
11:12:46 - [EXISTING] D:\vit\vit_cp_project\FileTracker\.git\hooks\pre-merge-commit.sample
11:12:46 - [EXISTING] D:\vit\vit_cp_project\FileTracker\.git\hooks\pre-push.sample
11:12:46 - [EXISTING] D:\vit\vit_cp_project\FileTracker\.git\hooks\pre-rebase.sample
11:12:46 - [EXISTING] D:\vit\vit_cp_project\FileTracker\.git\hooks\pre-receive.sample
11:12:46 - [EXISTING] D:\vit\vit_cp_project\FileTracker\.git\hooks\prepare-commit-msg.sample
11:12:46 - [EXISTING] D:\vit\vit_cp_project\FileTracker\.git\hooks\push-to-checkout.sample
11:12:46 - [EXISTING] D:\vit\vit_cp_project\FileTracker\.git\hooks\sendemail-validate.sample
11:12:46 - [EXISTING] D:\vit\vit_cp_project\FileTracker\.git\hooks\update.sample
11:12:46 - [EXISTING] D:\vit\vit_cp_project\FileTracker\.git\index
11:12:46 - [EXISTING] D:\vit\vit_cp_project\FileTracker\.git\info\exclude
11:12:46 - [EXISTING] D:\vit\vit_cp_project\FileTracker\.git\logs\HEAD
11:12:46 - [EXISTING] D:\vit\vit_cp_project\FileTracker\.git\logs\refs\heads\main
11:12:46 - [EXISTING] D:\vit\vit_cp_project\FileTracker\.git\logs\refs\remotes\origin\HEAD
11:12:46 - [EXISTING] D:\vit\vit_cp_project\FileTracker\.git\logs\refs\remotes\origin\main
11:12:46 - [EXISTING] D:\vit\vit_cp_project\FileTracker\.git\objects\09\327a3ef9aa2c116a039a1a1b58a58f6b18a5c7
11:12:46 - [EXISTING] D:\vit\vit_cp_project\FileTracker\.git\objects\0c\8dfc257388b29237dc42207870e7a9fe6afff4
11:12:46 - [EXISTING] D:\vit\vit_cp_project\FileTracker\.git\objects\0f\d66ccf4bffac18430660b7b1764798c73837dd
11:12:46 - [EXISTING] D:\vit\vit_cp_project\FileTracker\.git\objects\18\be5dd8fa26e9cd83ffe368926a74d9e4981a9f
11:12:46 - [EXISTING] D:\vit\vit_cp_project\FileTracker\.git\objects\21\0b5323c07af7ac62433df510bc35f9e95884c3
11:12:46 - [EXISTING] D:\vit\vit_cp_project\FileTracker\.git\objects\26\32698e9ec6d5d4de78ac0e3ba5ad49f891b3f3
11:12:46 - [EXISTING] D:\vit\vit_cp_project\FileTracker\.git\objects\27\a41b39e24333534f8b5c9ce21e63e4f527da1a
11:12:46 - [EXISTING] D:\vit\vit_cp_project\FileTracker\.git\objects\29\7faab8e06d0f3a887f1f808ef01b5dc2b5fc5f
11:12:46 - [EXISTING] D:\vit\vit_cp_project\FileTracker\.git\objects\29\a1e4f8ec0e8c33df42f556d109cb3c9e567346
11:12:46 - [EXISTING] D:\vit\vit_cp_project\FileTracker\.git\objects\2a\19372af93835b92053a9be585a4b3fe9a22f97
11:12:46 - [EXISTING] D:\vit\vit_cp_project\FileTracker\.git\objects\2a\91f2362160e8613ce0bf6bb7c585bd521fbe3e
11:12:46 - [EXISTING] D:\vit\vit_cp_project\FileTracker\.git\objects\3b\348ab43cb6b1457d5129076518a2a0a8997dd8
11:12:46 - [EXISTING] D:\vit\vit_cp_project\FileTracker\.git\objects\3d\5daf1fcfbac45af00a8771511ee05bd115ffb4
11:12:46 - [EXISTING] D:\vit\vit_cp_project\FileTracker\.git\objects\3e\ceb038a836ef3c96bc9b0ef709e645cfeb5c54
11:12:46 - [EXISTING] D:\vit\vit_cp_project\FileTracker\.git\objects\43\94c7addebf5f209035373837ca73682f36c8bb
11:12:46 - [EXISTING] D:\vit\vit_cp_project\FileTracker\.git\objects\52\090b1d99e77336d0c1bedce075627bb1173ea9
11:12:46 - [EXISTING] D:\vit\vit_cp_project\FileTracker\.git\objects\57\72fc1ea68d7cf97d380d60f432ef4653e2a3a8
11:12:46 - [EXISTING] D:\vit\vit_cp_project\FileTracker\.git\objects\64\a269fa35e4f85970af4630ffda65ad91101b3d
11:12:46 - [EXISTING] D:\vit\vit_cp_project\FileTracker\.git\objects\68\7550ed01d95189c45f0a498e76c84b6934c2e3
11:12:46 - [EXISTING] D:\vit\vit_cp_project\FileTracker\.git\objects\70\135f95169ade4590afd29f83671b2f61201c56
11:12:46 - [EXISTING] D:\vit\vit_cp_project\FileTracker\.git\objects\71\dbebd335645defceb1fd3c96a5a31a948726b4
11:12:46 - [EXISTING] D:\vit\vit_cp_project\FileTracker\.git\objects\72\ed03411d0933922c63fb03fb79c35b002907ad
11:12:46 - [EXISTING] D:\vit\vit_cp_project\FileTracker\.git\objects\78\96bf4280c939c916ebc1b09881a39b5d526bc7
11:12:46 - [EXISTING] D:\vit\vit_cp_project\FileTracker\.git\objects\7b\88efc4b496d7d92c4967d97645220f9588b15b
11:12:46 - [EXISTING] D:\vit\vit_cp_project\FileTracker\.git\objects\8d\1721bf5adc11799dd8f422d829e41edd1990ed
11:12:46 - [EXISTING] D:\vit\vit_cp_project\FileTracker\.git\objects\8e\f0ff8ffc395896c4ae4b75043180f371339069
11:12:46 - [EXISTING] D:\vit\vit_cp_project\FileTracker\.git\objects\91\8fb20c8e1b9115a95344ddbbd48a697af72fc8
11:12:46 - [EXISTING] D:\vit\vit_cp_project\FileTracker\.git\objects\91\ead4314ac750a905d8ad0b11c9f2a8b807a51a
11:12:46 - [EXISTING] D:\vit\vit_cp_project\FileTracker\.git\objects\a1\ce21a1d16e09e1001aa12ab2d942289744cf16
11:12:46 - [EXISTING] D:\vit\vit_cp_project\FileTracker\.git\objects\a7\539ce069340750a53384ac358e731582d05168
11:12:46 - [EXISTING] D:\vit\vit_cp_project\FileTracker\.git\objects\a9\2ce0d7ee663854d1148164d22eaf00d963b99b
11:12:46 - [EXISTING] D:\vit\vit_cp_project\FileTracker\.git\objects\aa\0224e4aba2a414db9ffa6da7d0c5c387c965b7
11:12:46 - [EXISTING] D:\vit\vit_cp_project\FileTracker\.git\objects\b7\2086bef55c673d94a2cb7fc0d135b7b60fe7d3
11:12:46 - [EXISTING] D:\vit\vit_cp_project\FileTracker\.git\objects\ba\92981b8e7269b7c14c492837b6ef993ba9dd9c
11:12:46 - [EXISTING] D:\vit\vit_cp_project\FileTracker\.git\objects\bd\e428a9cdef90a8ade0dc59403d5050f75abcc4
11:12:46 - [EXISTING] D:\vit\vit_cp_project\FileTracker\.git\objects\be\0eb0b71240279a7856c2e7ecadcbd817a9110d
11:12:46 - [EXISTING] D:\vit\vit_cp_project\FileTracker\.git\objects\c1\626b353feef433f2532adb76556319ef583b1e
11:12:46 - [EXISTING] D:\vit\vit_cp_project\FileTracker\.git\objects\c4\24849414bdfa055cb98afe9d70b901b73e4f0f
11:12:46 - [EXISTING] D:\vit\vit_cp_project\FileTracker\.git\objects\c4\33ae17173f2fb508087aa275708f3423f40527
11:12:46 - [EXISTING] D:\vit\vit_cp_project\FileTracker\.git\objects\ca\57281afb59d9a87192bd33985b89ccae4d560a
11:12:46 - [EXISTING] D:\vit\vit_cp_project\FileTracker\.git\objects\cd\fdedb1e59c2bba91e5ee5d39829b3c8c39c53e
11:12:46 - [EXISTING] D:\vit\vit_cp_project\FileTracker\.git\objects\d1\d02b1172b3f7a77c994932e107865a7d747e34
11:12:46 - [EXISTING] D:\vit\vit_cp_project\FileTracker\.git\objects\d2\724618d80b7ee495aa974faa61c6bdd43c3ef3
11:12:46 - [EXISTING] D:\vit\vit_cp_project\FileTracker\.git\objects\d2\df4ce7c0f77b6edc16b1a318f97dea9bb85f7c
11:12:46 - [EXISTING] D:\vit\vit_cp_project\FileTracker\.git\objects\de\f1ca57e352126fc2e587f65ffdf9ae00d9e8a0
11:12:46 - [EXISTING] D:\vit\vit_cp_project\FileTracker\.git\objects\e0\45dcdb616036dbdaba7d5848789ccdb01c8d3e
11:12:46 - [EXISTING] D:\vit\vit_cp_project\FileTracker\.git\objects\e6\9de29bb2d1d6434b8b29ae775ad8c2e48c5391
11:12:46 - [EXISTING] D:\vit\vit_cp_project\FileTracker\.git\objects\e8\f312a10044c9a9eb627a30cae504694201a27f
11:12:46 - [EXISTING] D:\vit\vit_cp_project\FileTracker\.git\objects\ef\faa275fb47f7dbbfc8d3b90e02fc45c93ef604
11:12:46 - [EXISTING] D:\vit\vit_cp_project\FileTracker\.git\objects\f4\ffca336454522d08d94afe27858711765f8753
11:12:46 - [EXISTING] D:\vit\vit_cp_project\FileTracker\.git\objects\f8\c7c94a23b2e297a12545c217c585b206580718
11:12:46 - [EXISTING] D:\vit\vit_cp_project\FileTracker\.git\ORIG_HEAD
11:12:46 - [EXISTING] D:\vit\vit_cp_project\FileTracker\.git\refs\heads\main
11:12:46 - [EXISTING] D:\vit\vit_cp_project\FileTracker\.git\refs\remotes\origin\HEAD
11:12:46 - [EXISTING] D:\vit\vit_cp_project\FileTracker\.git\refs\remotes\origin\main
11:12:46 - [EXISTING] D:\vit\vit_cp_project\FileTracker\.github\ISSUE_TEMPLATE\bug_report.md
11:12:46 - [EXISTING] D:\vit\vit_cp_project\FileTracker\.github\ISSUE_TEMPLATE\feature_request.md
11:12:46 - [EXISTING] D:\vit\vit_cp_project\FileTracker\.github\pull_request_template.md
11:12:46 - [EXISTING] D:\vit\vit_cp_project\FileTracker\.github\workflows\cpp_build.yml
11:12:46 - [EXISTING] D:\vit\vit_cp_project\FileTracker\build.bat
11:12:46 - [EXISTING] D:\vit\vit_cp_project\FileTracker\ChangeDetector.o
11:12:46 - [EXISTING] D:\vit\vit_cp_project\FileTracker\CODE_OF_CONDUCT.md
11:12:46 - [EXISTING] D:\vit\vit_cp_project\FileTracker\CONTRIBUTING.md
11:12:46 - [EXISTING] D:\vit\vit_cp_project\FileTracker\DirectorySnapshot.o
11:12:46 - [EXISTING] D:\vit\vit_cp_project\FileTracker\FileInfo.o
11:12:46 - [EXISTING] D:\vit\vit_cp_project\FileTracker\FileTracker.exe
11:12:46 - [EXISTING] D:\vit\vit_cp_project\FileTracker\FileTracker.o
11:12:46 - [EXISTING] D:\vit\vit_cp_project\FileTracker\FileWatcher.o
11:12:46 - [EXISTING] D:\vit\vit_cp_project\FileTracker\include\ChangeDetector.h
11:12:46 - [EXISTING] D:\vit\vit_cp_project\FileTracker\include\CommandProcessor.h
11:12:46 - [EXISTING] D:\vit\vit_cp_project\FileTracker\include\DirectorySnapshot.h
11:12:46 - [EXISTING] D:\vit\vit_cp_project\FileTracker\include\FileInfo.h
11:12:46 - [EXISTING] D:\vit\vit_cp_project\FileTracker\include\FileWatcher.h
11:12:46 - [EXISTING] D:\vit\vit_cp_project\FileTracker\include\ISerializable.h
11:12:46 - [EXISTING] D:\vit\vit_cp_project\FileTracker\include\Logger.h
11:12:46 - [EXISTING] D:\vit\vit_cp_project\FileTracker\include\SHA256.h
11:12:46 - [EXISTING] D:\vit\vit_cp_project\FileTracker\INSTALLATION.md
11:12:46 - [EXISTING] D:\vit\vit_cp_project\FileTracker\LICENSE
11:12:46 - [EXISTING] D:\vit\vit_cp_project\FileTracker\logs\tracker_2025-11-14.log
11:12:46 - [EXISTING] D:\vit\vit_cp_project\FileTracker\logs\tracker_2025-12-01.log
11:12:46 - [EXISTING] D:\vit\vit_cp_project\FileTracker\README.md
11:12:46 - [EXISTING] D:\vit\vit_cp_project\FileTracker\SHA256.o
11:12:46 - [EXISTING] D:\vit\vit_cp_project\FileTracker\src\ChangeDetector.cpp
11:12:46 - [EXISTING] D:\vit\vit_cp_project\FileTracker\src\CommandProcessor.cpp
11:12:46 - [EXISTING] D:\vit\vit_cp_project\FileTracker\src\DirectorySnapshot.cpp
11:12:46 - [EXISTING] D:\vit\vit_cp_project\FileTracker\src\FileInfo.cpp
11:12:46 - [EXISTING] D:\vit\vit_cp_project\FileTracker\src\FileTracker.cpp
11:12:46 - [EXISTING] D:\vit\vit_cp_project\FileTracker\src\FileWatcher.cpp
11:12:46 - [EXISTING] D:\vit\vit_cp_project\FileTracker\src\SHA256.cpp
11:13:02 - [MODIFIED] D:\vit\vit_cp_project\FileTracker\.git\FETCH_HEAD
11:13:03 - [MODIFIED] D:\vit\vit_cp_project\FileTracker\logs\tracker_2025-12-01.log
11:13:04 - [MODIFIED] D:\vit\vit_cp_project\FileTracker\logs\tracker_2025-12-01.log
11:13:05 - [MODIFIED] D:\vit\vit_cp_project\FileTracker\logs\tracker_2025-12-01.log
11:13:06 - [MODIFIED] D:\vit\vit_cp_project\FileTracker\logs\tracker_2025-12-01.log
11:13:07 - [MODIFIED] D:\vit\vit_cp_project\FileTracker\logs\tracker_2025-12-01.log
11:13:08 - [MODIFIED] D:\vit\vit_cp_project\FileTracker\logs\tracker_2025-12-01.log
11:13:09 - [MODIFIED] D:\vit\vit_cp_project\FileTracker\logs\tracker_2025-12-01.log
11:13:11 - [MODIFIED] D:\vit\vit_cp_project\FileTracker\logs\tracker_2025-12-01.log
11:13:12 - [MODIFIED] D:\vit\vit_cp_project\FileTracker\logs\tracker_2025-12-01.log
11:13:13 - [MODIFIED] D:\vit\vit_cp_project\FileTracker\logs\tracker_2025-12-01.log
11:13:14 - [MODIFIED] D:\vit\vit_cp_project\FileTracker\logs\tracker_2025-12-01.log
11:13:15 - [MODIFIED] D:\vit\vit_cp_project\FileTracker\logs\tracker_2025-12-01.log
11:13:16 - [MODIFIED] D:\vit\vit_cp_project\FileTracker\logs\tracker_2025-12-01.log
11:13:17 - [MODIFIED] D:\vit\vit_cp_project\FileTracker\logs\tracker_2025-12-01.log
11:13:18 - [MODIFIED] D:\vit\vit_cp_project\FileTracker\logs\tracker_2025-12-01.log
11:13:19 - [MODIFIED] D:\vit\vit_cp_project\FileTracker\logs\tracker_2025-12-01.log
11:13:20 - [MODIFIED] D:\vit\vit_cp_project\FileTracker\logs\tracker_2025-12-01.log
11:13:21 - [MODIFIED] D:\vit\vit_cp_project\FileTracker\logs\tracker_2025-12-01.log
11:13:22 - [MODIFIED] D:\vit\vit_cp_project\FileTracker\logs\tracker_2025-12-01.log
11:13:23 - [MODIFIED] D:\vit\vit_cp_project\FileTracker\logs\tracker_2025-12-01.log
11:13:24 - [MODIFIED] D:\vit\vit_cp_project\FileTracker\logs\tracker_2025-12-01.log
11:13:26 - [MODIFIED] D:\vit\vit_cp_project\FileTracker\logs\tracker_2025-12-01.log
11:13:27 - [MODIFIED] D:\vit\vit_cp_project\FileTracker\logs\tracker_2025-12-01.log
11:13:28 - [MODIFIED] D:\vit\vit_cp_project\FileTracker\logs\tracker_2025-12-01.log
11:13:29 - [MODIFIED] D:\vit\vit_cp_project\FileTracker\logs\tracker_2025-12-01.log
11:13:30 - [MODIFIED] D:\vit\vit_cp_project\FileTracker\logs\tracker_2025-12-01.log
11:13:31 - [MODIFIED] D:\vit\vit_cp_project\FileTracker\logs\tracker_2025-12-01.log
11:13:32 - [MODIFIED] D:\vit\vit_cp_project\FileTracker\logs\tracker_2025-12-01.log
11:13:33 - [MODIFIED] D:\vit\vit_cp_project\FileTracker\logs\tracker_2025-12-01.log
11:13:34 - [MODIFIED] D:\vit\vit_cp_project\FileTracker\logs\tracker_2025-12-01.log
11:13:35 - [MODIFIED] D:\vit\vit_cp_project\FileTracker\logs\tracker_2025-12-01.log
11:13:36 - [MODIFIED] D:\vit\vit_cp_project\FileTracker\logs\tracker_2025-12-01.log
11:13:37 - [MODIFIED] D:\vit\vit_cp_project\FileTracker\logs\tracker_2025-12-01.log
11:13:38 - [MODIFIED] D:\vit\vit_cp_project\FileTracker\logs\tracker_2025-12-01.log
11:13:39 - [MODIFIED] D:\vit\vit_cp_project\FileTracker\logs\tracker_2025-12-01.log
11:13:40 - [MODIFIED] D:\vit\vit_cp_project\FileTracker\logs\tracker_2025-12-01.log
11:13:41 - [MODIFIED] D:\vit\vit_cp_project\FileTracker\logs\tracker_2025-12-01.log
11:13:42 - [MODIFIED] D:\vit\vit_cp_project\FileTracker\logs\tracker_2025-12-01.log
11:13:44 - [MODIFIED] D:\vit\vit_cp_project\FileTracker\logs\tracker_2025-12-01.log
11:13:45 - [MODIFIED] D:\vit\vit_cp_project\FileTracker\logs\tracker_2025-12-01.log
11:38:41 - [DELETED] C:\Users\HP\OneDrive\Documents\ncl.pdf
11:38:45 - [ADDED] C:\Users\HP\OneDrive\Documents\ncl.pdf
11:38:56 - [DELETED] C:\Users\HP\OneDrive\Documents\registration_form.pdf
11:39:30 - [ADDED] C:\Users\HP\OneDrive\Documents\registration_form.pdf
