16:43:14 - [EXISTING] C:\Users\HP\Documents\admisssion_doc\10thmarksheet.jpg
16:43:14 - [EXISTING] C:\Users\HP\Documents\admisssion_doc\apb.txt.txt
16:43:14 - [EXISTING] C:\Users\HP\Documents\admisssion_doc\applicant-signature-removebg-preview.png
16:43:14 - [EXISTING] C:\Users\HP\Documents\admisssion_doc\caste-validity.pdf
16:43:14 - [EXISTING] C:\Users\HP\Documents\admisssion_doc\caste-validity_compressed.pdf
16:43:14 - [EXISTING] C:\Users\HP\Documents\admisssion_doc\castecert.jpg
16:43:14 - [EXISTING] C:\Users\HP\Documents\admisssion_doc\diplomamarksheet.jpg
16:43:14 - [EXISTING] C:\Users\HP\Documents\admisssion_doc\domicile.jpg
16:43:14 - [EXISTING] C:\Users\HP\Documents\admisssion_doc\ewggf.txt.txt
16:43:14 - [EXISTING] C:\Users\HP\Documents\admisssion_doc\New Text Document.txt
16:43:14 - [EXISTING] C:\Users\HP\Documents\admisssion_doc\noncremy-receipt.pdf
16:43:14 - [EXISTING] C:\Users\HP\Documents\admisssion_doc\photo-with-sig.jpg
16:43:14 - [EXISTING] C:\Users\HP\Documents\admisssion_doc\photo.jpg
16:43:14 - [EXISTING] C:\Users\HP\Documents\admisssion_doc\registration_form.pdf
17:10:44 - [EXISTING] C:\Users\HP\Documents\admisssion_doc\10thmarksheet.jpg
17:10:44 - [EXISTING] C:\Users\HP\Documents\admisssion_doc\apb.txt.txt
17:10:44 - [EXISTING] C:\Users\HP\Documents\admisssion_doc\applicant-signature-removebg-preview.png
17:10:44 - [EXISTING] C:\Users\HP\Documents\admisssion_doc\caste-validity.pdf
17:10:44 - [EXISTING] C:\Users\HP\Documents\admisssion_doc\caste-validity_compressed.pdf
17:10:44 - [EXISTING] C:\Users\HP\Documents\admisssion_doc\castecert.jpg
17:10:44 - [EXISTING] C:\Users\HP\Documents\admisssion_doc\diplomamarksheet.jpg
17:10:44 - [EXISTING] C:\Users\HP\Documents\admisssion_doc\domicile.jpg
17:10:44 - [EXISTING] C:\Users\HP\Documents\admisssion_doc\ewggf.txt.txt
17:10:44 - [EXISTING] C:\Users\HP\Documents\admisssion_doc\New Text Document.txt
17:10:44 - [EXISTING] C:\Users\HP\Documents\admisssion_doc\noncremy-receipt.pdf
17:10:44 - [EXISTING] C:\Users\HP\Documents\admisssion_doc\photo-with-sig.jpg
17:10:44 - [EXISTING] C:\Users\HP\Documents\admisssion_doc\photo.jpg
17:10:44 - [EXISTING] C:\Users\HP\Documents\admisssion_doc\registration_form.pdf
17:12:30 - [EXISTING] C:\Users\HP\Documents\admisssion_doc\10thmarksheet.jpg
17:12:30 - [EXISTING] C:\Users\HP\Documents\admisssion_doc\apb.txt.txt
17:12:30 - [EXISTING] C:\Users\HP\Documents\admisssion_doc\applicant-signature-removebg-preview.png
17:12:30 - [EXISTING] C:\Users\HP\Documents\admisssion_doc\caste-validity.pdf
17:12:30 - [EXISTING] C:\Users\HP\Documents\admisssion_doc\caste-validity_compressed.pdf
17:12:30 - [EXISTING] C:\Users\HP\Documents\admisssion_doc\castecert.jpg
17:12:30 - [EXISTING] C:\Users\HP\Documents\admisssion_doc\diplomamarksheet.jpg
17:12:30 - [EXISTING] C:\Users\HP\Documents\admisssion_doc\domicile.jpg
17:12:30 - [EXISTING] C:\Users\HP\Documents\admisssion_doc\ewggf.txt.txt
17:12:30 - [EXISTING] C:\Users\HP\Documents\admisssion_doc\New Text Document.txt
17:12:30 - [EXISTING] C:\Users\HP\Documents\admisssion_doc\noncremy-receipt.pdf
17:12:30 - [EXISTING] C:\Users\HP\Documents\admisssion_doc\photo-with-sig.jpg
17:12:30 - [EXISTING] C:\Users\HP\Documents\admisssion_doc\photo.jpg
17:12:30 - [EXISTING] C:\Users\HP\Documents\admisssion_doc\registration_form.pdf
17:13:27 - [EXISTING] C:\Users\HP\Documents\admisssion_doc\10thmarksheet.jpg
17:13:27 - [EXISTING] C:\Users\HP\Documents\admisssion_doc\apb.txt.txt
17:13:27 - [EXISTING] C:\Users\HP\Documents\admisssion_doc\applicant-signature-removebg-preview.png
17:13:27 - [EXISTING] C:\Users\HP\Documents\admisssion_doc\caste-validity.pdf
17:13:27 - [EXISTING] C:\Users\HP\Documents\admisssion_doc\caste-validity_compressed.pdf
17:13:27 - [EXISTING] C:\Users\HP\Documents\admisssion_doc\castecert.jpg
17:13:27 - [EXISTING] C:\Users\HP\Documents\admisssion_doc\diplomamarksheet.jpg
17:13:27 - [EXISTING] C:\Users\HP\Documents\admisssion_doc\domicile.jpg
17:13:27 - [EXISTING] C:\Users\HP\Documents\admisssion_doc\ewggf.txt.txt
17:13:27 - [EXISTING] C:\Users\HP\Documents\admisssion_doc\New Text Document.txt
17:13:27 - [EXISTING] C:\Users\HP\Documents\admisssion_doc\noncremy-receipt.pdf
17:13:27 - [EXISTING] C:\Users\HP\Documents\admisssion_doc\photo-with-sig.jpg
17:13:27 - [EXISTING] C:\Users\HP\Documents\admisssion_doc\photo.jpg
17:13:27 - [EXISTING] C:\Users\HP\Documents\admisssion_doc\registration_form.pdf
17:13:38 - [EXISTING] C:\Users\HP\Documents\admisssion_doc\10thmarksheet.jpg
17:13:38 - [EXISTING] C:\Users\HP\Documents\admisssion_doc\apb.txt.txt
17:13:38 - [EXISTING] C:\Users\HP\Documents\admisssion_doc\applicant-signature-removebg-preview.png
17:13:38 - [EXISTING] C:\Users\HP\Documents\admisssion_doc\caste-validity.pdf
17:13:38 - [EXISTING] C:\Users\HP\Documents\admisssion_doc\caste-validity_compressed.pdf
17:13:38 - [EXISTING] C:\Users\HP\Documents\admisssion_doc\castecert.jpg
17:13:38 - [EXISTING] C:\Users\HP\Documents\admisssion_doc\diplomamarksheet.jpg
17:13:38 - [EXISTING] C:\Users\HP\Documents\admisssion_doc\domicile.jpg
17:13:38 - [EXISTING] C:\Users\HP\Documents\admisssion_doc\ewggf.txt.txt
17:13:38 - [EXISTING] C:\Users\HP\Documents\admisssion_doc\New Text Document.txt
17:13:38 - [EXISTING] C:\Users\HP\Documents\admisssion_doc\noncremy-receipt.pdf
17:13:38 - [EXISTING] C:\Users\HP\Documents\admisssion_doc\photo-with-sig.jpg
17:13:38 - [EXISTING] C:\Users\HP\Documents\admisssion_doc\photo.jpg
17:13:38 - [EXISTING] C:\Users\HP\Documents\admisssion_doc\registration_form.pdf
17:18:32 - [EXISTING] C:\Users\HP\Documents\admisssion_doc\10thmarksheet.jpg
17:18:32 - [EXISTING] C:\Users\HP\Documents\admisssion_doc\apb.txt.txt
17:18:32 - [EXISTING] C:\Users\HP\Documents\admisssion_doc\applicant-signature-removebg-preview.png
17:18:32 - [EXISTING] C:\Users\HP\Documents\admisssion_doc\caste-validity.pdf
17:18:32 - [EXISTING] C:\Users\HP\Documents\admisssion_doc\caste-validity_compressed.pdf
17:18:32 - [EXISTING] C:\Users\HP\Documents\admisssion_doc\castecert.jpg
17:18:32 - [EXISTING] C:\Users\HP\Documents\admisssion_doc\diplomamarksheet.jpg
17:18:32 - [EXISTING] C:\Users\HP\Documents\admisssion_doc\domicile.jpg
17:18:32 - [EXISTING] C:\Users\HP\Documents\admisssion_doc\ewggf.txt.txt
17:18:32 - [EXISTING] C:\Users\HP\Documents\admisssion_doc\New Text Document.txt
17:18:32 - [EXISTING] C:\Users\HP\Documents\admisssion_doc\noncremy-receipt.pdf
17:18:32 - [EXISTING] C:\Users\HP\Documents\admisssion_doc\photo-with-sig.jpg
17:18:32 - [EXISTING] C:\Users\HP\Documents\admisssion_doc\photo.jpg
17:18:32 - [EXISTING] C:\Users\HP\Documents\admisssion_doc\registration_form.pdf
17:18:43 - [EXISTING] C:\Users\HP\Documents\admisssion_doc\10thmarksheet.jpg
17:18:43 - [EXISTING] C:\Users\HP\Documents\admisssion_doc\apb.txt.txt
17:18:43 - [EXISTING] C:\Users\HP\Documents\admisssion_doc\applicant-signature-removebg-preview.png
17:18:43 - [EXISTING] C:\Users\HP\Documents\admisssion_doc\caste-validity.pdf
17:18:43 - [EXISTING] C:\Users\HP\Documents\admisssion_doc\caste-validity_compressed.pdf
17:18:43 - [EXISTING] C:\Users\HP\Documents\admisssion_doc\castecert.jpg
17:18:43 - [EXISTING] C:\Users\HP\Documents\admisssion_doc\diplomamarksheet.jpg
17:18:43 - [EXISTING] C:\Users\HP\Documents\admisssion_doc\domicile.jpg
17:18:43 - [EXISTING] C:\Users\HP\Documents\admisssion_doc\ewggf.txt.txt
17:18:43 - [EXISTING] C:\Users\HP\Documents\admisssion_doc\New Text Document.txt
17:18:43 - [EXISTING] C:\Users\HP\Documents\admisssion_doc\noncremy-receipt.pdf
17:18:43 - [EXISTING] C:\Users\HP\Documents\admisssion_doc\photo-with-sig.jpg
17:18:43 - [EXISTING] C:\Users\HP\Documents\admisssion_doc\photo.jpg
17:18:43 - [EXISTING] C:\Users\HP\Documents\admisssion_doc\registration_form.pdf
17:20:23 - [EXISTING] C:\Users\HP\Documents\admisssion_doc\10thmarksheet.jpg
17:20:23 - [EXISTING] C:\Users\HP\Documents\admisssion_doc\apb.txt.txt
17:20:23 - [EXISTING] C:\Users\HP\Documents\admisssion_doc\applicant-signature-removebg-preview.png
17:20:23 - [EXISTING] C:\Users\HP\Documents\admisssion_doc\caste-validity.pdf
17:20:23 - [EXISTING] C:\Users\HP\Documents\admisssion_doc\caste-validity_compressed.pdf
17:20:23 - [EXISTING] C:\Users\HP\Documents\admisssion_doc\castecert.jpg
17:20:23 - [EXISTING] C:\Users\HP\Documents\admisssion_doc\diplomamarksheet.jpg
17:20:23 - [EXISTING] C:\Users\HP\Documents\admisssion_doc\domicile.jpg
17:20:23 - [EXISTING] C:\Users\HP\Documents\admisssion_doc\ewggf.txt.txt
17:20:23 - [EXISTING] C:\Users\HP\Documents\admisssion_doc\New Text Document.txt
17:20:23 - [EXISTING] C:\Users\HP\Documents\admisssion_doc\noncremy-receipt.pdf
17:20:23 - [EXISTING] C:\Users\HP\Documents\admisssion_doc\photo-with-sig.jpg
17:20:23 - [EXISTING] C:\Users\HP\Documents\admisssion_doc\photo.jpg
17:20:23 - [EXISTING] C:\Users\HP\Documents\admisssion_doc\registration_form.pdf
17:20:43 - [EXISTING] C:\Users\HP\Documents\admisssion_doc\10thmarksheet.jpg
17:20:43 - [EXISTING] C:\Users\HP\Documents\admisssion_doc\apb.txt.txt
17:20:43 - [EXISTING] C:\Users\HP\Documents\admisssion_doc\applicant-signature-removebg-preview.png
17:20:43 - [EXISTING] C:\Users\HP\Documents\admisssion_doc\caste-validity.pdf
17:20:43 - [EXISTING] C:\Users\HP\Documents\admisssion_doc\caste-validity_compressed.pdf
17:20:43 - [EXISTING] C:\Users\HP\Documents\admisssion_doc\castecert.jpg
17:20:43 - [EXISTING] C:\Users\HP\Documents\admisssion_doc\diplomamarksheet.jpg
17:20:43 - [EXISTING] C:\Users\HP\Documents\admisssion_doc\domicile.jpg
17:20:43 - [EXISTING] C:\Users\HP\Documents\admisssion_doc\ewggf.txt.txt
17:20:43 - [EXISTING] C:\Users\HP\Documents\admisssion_doc\New Text Document.txt
17:20:43 - [EXISTING] C:\Users\HP\Documents\admisssion_doc\noncremy-receipt.pdf
17:20:43 - [EXISTING] C:\Users\HP\Documents\admisssion_doc\photo-with-sig.jpg
17:20:43 - [EXISTING] C:\Users\HP\Documents\admisssion_doc\photo.jpg
17:20:43 - [EXISTING] C:\Users\HP\Documents\admisssion_doc\registration_form.pdf
17:29:44 - [EXISTING] C:\Users\HP\Documents\admisssion_doc\10thmarksheet.jpg
17:29:44 - [EXISTING] C:\Users\HP\Documents\admisssion_doc\apb.txt.txt
17:29:44 - [EXISTING] C:\Users\HP\Documents\admisssion_doc\applicant-signature-removebg-preview.png
17:29:44 - [EXISTING] C:\Users\HP\Documents\admisssion_doc\caste-validity.pdf
17:29:44 - [EXISTING] C:\Users\HP\Documents\admisssion_doc\caste-validity_compressed.pdf
17:29:44 - [EXISTING] C:\Users\HP\Documents\admisssion_doc\castecert.jpg
17:29:44 - [EXISTING] C:\Users\HP\Documents\admisssion_doc\diplomamarksheet.jpg
17:29:44 - [EXISTING] C:\Users\HP\Documents\admisssion_doc\domicile.jpg
17:29:44 - [EXISTING] C:\Users\HP\Documents\admisssion_doc\ewggf.txt.txt
17:29:44 - [EXISTING] C:\Users\HP\Documents\admisssion_doc\New Text Document.txt
17:29:44 - [EXISTING] C:\Users\HP\Documents\admisssion_doc\noncremy-receipt.pdf
17:29:44 - [EXISTING] C:\Users\HP\Documents\admisssion_doc\photo-with-sig.jpg
17:29:44 - [EXISTING] C:\Users\HP\Documents\admisssion_doc\photo.jpg
17:29:44 - [EXISTING] C:\Users\HP\Documents\admisssion_doc\registration_form.pdf
17:30:07 - [EXISTING] C:\Users\HP\Documents\admisssion_doc\10thmarksheet.jpg
17:30:07 - [EXISTING] C:\Users\HP\Documents\admisssion_doc\apb.txt.txt
17:30:07 - [EXISTING] C:\Users\HP\Documents\admisssion_doc\applicant-signature-removebg-preview.png
17:30:07 - [EXISTING] C:\Users\HP\Documents\admisssion_doc\caste-validity.pdf
17:30:07 - [EXISTING] C:\Users\HP\Documents\admisssion_doc\caste-validity_compressed.pdf
17:30:07 - [EXISTING] C:\Users\HP\Documents\admisssion_doc\castecert.jpg
17:30:07 - [EXISTING] C:\Users\HP\Documents\admisssion_doc\diplomamarksheet.jpg
17:30:07 - [EXISTING] C:\Users\HP\Documents\admisssion_doc\domicile.jpg
17:30:07 - [EXISTING] C:\Users\HP\Documents\admisssion_doc\ewggf.txt.txt
17:30:07 - [EXISTING] C:\Users\HP\Documents\admisssion_doc\New Text Document.txt
17:30:07 - [EXISTING] C:\Users\HP\Documents\admisssion_doc\noncremy-receipt.pdf
17:30:07 - [EXISTING] C:\Users\HP\Documents\admisssion_doc\photo-with-sig.jpg
17:30:07 - [EXISTING] C:\Users\HP\Documents\admisssion_doc\photo.jpg
17:30:07 - [EXISTING] C:\Users\HP\Documents\admisssion_doc\registration_form.pdf
17:33:43 - [EXISTING] C:\Users\HP\Documents\admisssion_doc\10thmarksheet.jpg
17:33:43 - [EXISTING] C:\Users\HP\Documents\admisssion_doc\apb.txt.txt
17:33:43 - [EXISTING] C:\Users\HP\Documents\admisssion_doc\applicant-signature-removebg-preview.png
17:33:43 - [EXISTING] C:\Users\HP\Documents\admisssion_doc\caste-validity.pdf
17:33:43 - [EXISTING] C:\Users\HP\Documents\admisssion_doc\caste-validity_compressed.pdf
17:33:43 - [EXISTING] C:\Users\HP\Documents\admisssion_doc\castecert.jpg
17:33:43 - [EXISTING] C:\Users\HP\Documents\admisssion_doc\diplomamarksheet.jpg
17:33:43 - [EXISTING] C:\Users\HP\Documents\admisssion_doc\domicile.jpg
17:33:43 - [EXISTING] C:\Users\HP\Documents\admisssion_doc\ewggf.txt.txt
17:33:43 - [EXISTING] C:\Users\HP\Documents\admisssion_doc\New Text Document.txt
17:33:43 - [EXISTING] C:\Users\HP\Documents\admisssion_doc\noncremy-receipt.pdf
17:33:43 - [EXISTING] C:\Users\HP\Documents\admisssion_doc\photo-with-sig.jpg
17:33:43 - [EXISTING] C:\Users\HP\Documents\admisssion_doc\photo.jpg
17:33:43 - [EXISTING] C:\Users\HP\Documents\admisssion_doc\registration_form.pdf
17:34:19 - [EXISTING] C:\Users\HP\Documents\admisssion_doc\10thmarksheet.jpg
17:34:19 - [EXISTING] C:\Users\HP\Documents\admisssion_doc\apb.txt.txt
17:34:19 - [EXISTING] C:\Users\HP\Documents\admisssion_doc\applicant-signature-removebg-preview.png
17:34:19 - [EXISTING] C:\Users\HP\Documents\admisssion_doc\caste-validity.pdf
17:34:19 - [EXISTING] C:\Users\HP\Documents\admisssion_doc\caste-validity_compressed.pdf
17:34:19 - [EXISTING] C:\Users\HP\Documents\admisssion_doc\castecert.jpg
17:34:19 - [EXISTING] C:\Users\HP\Documents\admisssion_doc\diplomamarksheet.jpg
17:34:19 - [EXISTING] C:\Users\HP\Documents\admisssion_doc\domicile.jpg
17:34:19 - [EXISTING] C:\Users\HP\Documents\admisssion_doc\ewggf.txt.txt
17:34:19 - [EXISTING] C:\Users\HP\Documents\admisssion_doc\New Text Document.txt
17:34:19 - [EXISTING] C:\Users\HP\Documents\admisssion_doc\noncremy-receipt.pdf
17:34:19 - [EXISTING] C:\Users\HP\Documents\admisssion_doc\photo-with-sig.jpg
17:34:19 - [EXISTING] C:\Users\HP\Documents\admisssion_doc\photo.jpg
17:34:19 - [EXISTING] C:\Users\HP\Documents\admisssion_doc\registration_form.pdf
17:38:23 - [EXISTING] C:\Users\HP\Documents\admisssion_doc\10thmarksheet.jpg
17:38:23 - [EXISTING] C:\Users\HP\Documents\admisssion_doc\apb.txt.txt
17:38:23 - [EXISTING] C:\Users\HP\Documents\admisssion_doc\applicant-signature-removebg-preview.png
17:38:23 - [EXISTING] C:\Users\HP\Documents\admisssion_doc\caste-validity.pdf
17:38:23 - [EXISTING] C:\Users\HP\Documents\admisssion_doc\caste-validity_compressed.pdf
17:38:23 - [EXISTING] C:\Users\HP\Documents\admisssion_doc\castecert.jpg
17:38:23 - [EXISTING] C:\Users\HP\Documents\admisssion_doc\diplomamarksheet.jpg
17:38:23 - [EXISTING] C:\Users\HP\Documents\admisssion_doc\domicile.jpg
17:38:23 - [EXISTING] C:\Users\HP\Documents\admisssion_doc\ewggf.txt.txt
17:38:23 - [EXISTING] C:\Users\HP\Documents\admisssion_doc\New Text Document.txt
17:38:23 - [EXISTING] C:\Users\HP\Documents\admisssion_doc\noncremy-receipt.pdf
17:38:23 - [EXISTING] C:\Users\HP\Documents\admisssion_doc\photo-with-sig.jpg
17:38:23 - [EXISTING] C:\Users\HP\Documents\admisssion_doc\photo.jpg
17:38:23 - [EXISTING] C:\Users\HP\Documents\admisssion_doc\registration_form.pdf
17:38:29 - [EXISTING] C:\Users\HP\Documents\admisssion_doc\10thmarksheet.jpg
17:38:29 - [EXISTING] C:\Users\HP\Documents\admisssion_doc\apb.txt.txt
17:38:29 - [EXISTING] C:\Users\HP\Documents\admisssion_doc\applicant-signature-removebg-preview.png
17:38:29 - [EXISTING] C:\Users\HP\Documents\admisssion_doc\caste-validity.pdf
17:38:29 - [EXISTING] C:\Users\HP\Documents\admisssion_doc\caste-validity_compressed.pdf
17:38:29 - [EXISTING] C:\Users\HP\Documents\admisssion_doc\castecert.jpg
17:38:29 - [EXISTING] C:\Users\HP\Documents\admisssion_doc\diplomamarksheet.jpg
17:38:29 - [EXISTING] C:\Users\HP\Documents\admisssion_doc\domicile.jpg
17:38:29 - [EXISTING] C:\Users\HP\Documents\admisssion_doc\ewggf.txt.txt
17:38:29 - [EXISTING] C:\Users\HP\Documents\admisssion_doc\New Text Document.txt
17:38:29 - [EXISTING] C:\Users\HP\Documents\admisssion_doc\noncremy-receipt.pdf
17:38:29 - [EXISTING] C:\Users\HP\Documents\admisssion_doc\photo-with-sig.jpg
17:38:29 - [EXISTING] C:\Users\HP\Documents\admisssion_doc\photo.jpg
17:38:29 - [EXISTING] C:\Users\HP\Documents\admisssion_doc\registration_form.pdf
