13:43:22 - [EXISTING] C:\Users\HP\Documents\admisssion_doc\10thmarksheet.jpg
13:43:22 - [EXISTING] C:\Users\HP\Documents\admisssion_doc\apb.txt.txt
13:43:22 - [EXISTING] C:\Users\HP\Documents\admisssion_doc\caste-validity.pdf
13:43:22 - [EXISTING] C:\Users\HP\Documents\admisssion_doc\caste-validity_compressed.pdf
13:43:22 - [EXISTING] C:\Users\HP\Documents\admisssion_doc\castecert.jpg
13:43:22 - [EXISTING] C:\Users\HP\Documents\admisssion_doc\diplomamarksheet.jpg
13:43:22 - [EXISTING] C:\Users\HP\Documents\admisssion_doc\domicile.jpg
13:43:22 - [EXISTING] C:\Users\HP\Documents\admisssion_doc\ewggf.txt.txt
13:43:22 - [EXISTING] C:\Users\HP\Documents\admisssion_doc\noncremy-receipt.pdf
13:43:22 - [EXISTING] C:\Users\HP\Documents\admisssion_doc\photo-with-sig.jpg
13:43:22 - [EXISTING] C:\Users\HP\Documents\admisssion_doc\photo.jpg
13:43:22 - [EXISTING] C:\Users\HP\Documents\admisssion_doc\registration_form.pdf
13:43:22 - [EXISTING] C:\Users\HP\Documents\admisssion_doc\rfd.txt.txt
13:43:22 - [EXISTING] C:\Users\HP\Documents\admisssion_doc\rgr.txt
13:43:22 - [EXISTING] C:\Users\HP\Documents\admisssion_doc\signature-nobg.png
13:43:48 - [ADDED] C:\Users\HP\Documents\admisssion_doc\New Text Document.txt
13:43:53 - [ADDED] C:\Users\HP\Documents\admisssion_doc\efef.txt
13:43:53 - [DELETED] C:\Users\HP\Documents\admisssion_doc\New Text Document.txt
13:44:33 - [MODIFIED] C:\Users\HP\Documents\admisssion_doc\efef.txt
13:46:09 - [DELETED] C:\Users\HP\Documents\admisssion_doc\rgr.txt
13:57:45 - [ADDED] C:\Users\HP\Documents\admisssion_doc\rgr.txt
13:58:06 - [DELETED] C:\Users\HP\Documents\admisssion_doc\signature-nobg.png
13:58:16 - [ADDED] C:\Users\HP\Documents\admisssion_doc\signature-nobg.png
13:59:11 - [MODIFIED] C:\Users\HP\Documents\admisssion_doc\apb.txt.txt
14:07:25 - [EXISTING] C:\Users\HP\Documents\admisssion_doc\10thmarksheet.jpg
14:07:25 - [EXISTING] C:\Users\HP\Documents\admisssion_doc\apb.txt.txt
14:07:25 - [EXISTING] C:\Users\HP\Documents\admisssion_doc\caste-validity.pdf
14:07:25 - [EXISTING] C:\Users\HP\Documents\admisssion_doc\caste-validity_compressed.pdf
14:07:26 - [EXISTING] C:\Users\HP\Documents\admisssion_doc\castecert.jpg
14:07:26 - [EXISTING] C:\Users\HP\Documents\admisssion_doc\diplomamarksheet.jpg
14:07:26 - [EXISTING] C:\Users\HP\Documents\admisssion_doc\domicile.jpg
14:07:26 - [EXISTING] C:\Users\HP\Documents\admisssion_doc\efef.txt
14:07:26 - [EXISTING] C:\Users\HP\Documents\admisssion_doc\ewggf.txt.txt
14:07:26 - [EXISTING] C:\Users\HP\Documents\admisssion_doc\noncremy-receipt.pdf
14:07:26 - [EXISTING] C:\Users\HP\Documents\admisssion_doc\photo-with-sig.jpg
14:07:26 - [EXISTING] C:\Users\HP\Documents\admisssion_doc\photo.jpg
14:07:26 - [EXISTING] C:\Users\HP\Documents\admisssion_doc\registration_form.pdf
14:07:26 - [EXISTING] C:\Users\HP\Documents\admisssion_doc\rfd.txt.txt
14:07:26 - [EXISTING] C:\Users\HP\Documents\admisssion_doc\rgr.txt
14:07:26 - [EXISTING] C:\Users\HP\Documents\admisssion_doc\signature-nobg.png
14:07:53 - [ADDED] C:\Users\HP\Documents\admisssion_doc\New Text Document.txt
14:07:53 - [DELETED] C:\Users\HP\Documents\admisssion_doc\efef.txt
14:08:04 - [DELETED] C:\Users\HP\Documents\admisssion_doc\signature-nobg.png
14:08:10 - [ADDED] C:\Users\HP\Documents\admisssion_doc\signature-nobg.png
14:08:19 - [MODIFIED] C:\Users\HP\Documents\admisssion_doc\rgr.txt
14:08:34 - [MODIFIED] C:\Users\HP\Documents\admisssion_doc\rgr.txt
14:20:42 - [EXISTING] C:\Users\HP\Documents\admisssion_doc\10thmarksheet.jpg
14:20:42 - [EXISTING] C:\Users\HP\Documents\admisssion_doc\apb.txt.txt
14:20:42 - [EXISTING] C:\Users\HP\Documents\admisssion_doc\caste-validity.pdf
14:20:42 - [EXISTING] C:\Users\HP\Documents\admisssion_doc\caste-validity_compressed.pdf
14:20:42 - [EXISTING] C:\Users\HP\Documents\admisssion_doc\castecert.jpg
14:20:42 - [EXISTING] C:\Users\HP\Documents\admisssion_doc\diplomamarksheet.jpg
14:20:42 - [EXISTING] C:\Users\HP\Documents\admisssion_doc\domicile.jpg
14:20:42 - [EXISTING] C:\Users\HP\Documents\admisssion_doc\ewggf.txt.txt
14:20:42 - [EXISTING] C:\Users\HP\Documents\admisssion_doc\New Text Document.txt
14:20:42 - [EXISTING] C:\Users\HP\Documents\admisssion_doc\noncremy-receipt.pdf
14:20:42 - [EXISTING] C:\Users\HP\Documents\admisssion_doc\photo-with-sig.jpg
14:20:42 - [EXISTING] C:\Users\HP\Documents\admisssion_doc\photo.jpg
14:20:42 - [EXISTING] C:\Users\HP\Documents\admisssion_doc\registration_form.pdf
14:20:42 - [EXISTING] C:\Users\HP\Documents\admisssion_doc\rfd.txt.txt
14:20:42 - [EXISTING] C:\Users\HP\Documents\admisssion_doc\rgr.txt
14:20:42 - [EXISTING] C:\Users\HP\Documents\admisssion_doc\signature-nobg.png
14:21:01 - [DELETED] C:\Users\HP\Documents\admisssion_doc\rgr.txt
14:21:18 - [DELETED] C:\Users\HP\Documents\admisssion_doc\signature-nobg.png
14:26:56 - [EXISTING] C:\Users\HP\Documents\admisssion_doc\10thmarksheet.jpg
14:26:56 - [EXISTING] C:\Users\HP\Documents\admisssion_doc\apb.txt.txt
14:26:56 - [EXISTING] C:\Users\HP\Documents\admisssion_doc\caste-validity.pdf
14:26:56 - [EXISTING] C:\Users\HP\Documents\admisssion_doc\caste-validity_compressed.pdf
14:26:56 - [EXISTING] C:\Users\HP\Documents\admisssion_doc\castecert.jpg
14:26:56 - [EXISTING] C:\Users\HP\Documents\admisssion_doc\diplomamarksheet.jpg
14:26:56 - [EXISTING] C:\Users\HP\Documents\admisssion_doc\domicile.jpg
14:26:56 - [EXISTING] C:\Users\HP\Documents\admisssion_doc\ewggf.txt.txt
14:26:56 - [EXISTING] C:\Users\HP\Documents\admisssion_doc\New Text Document.txt
14:26:56 - [EXISTING] C:\Users\HP\Documents\admisssion_doc\noncremy-receipt.pdf
14:26:56 - [EXISTING] C:\Users\HP\Documents\admisssion_doc\photo-with-sig.jpg
14:26:56 - [EXISTING] C:\Users\HP\Documents\admisssion_doc\photo.jpg
14:26:56 - [EXISTING] C:\Users\HP\Documents\admisssion_doc\registration_form.pdf
14:26:56 - [EXISTING] C:\Users\HP\Documents\admisssion_doc\rfd.txt.txt
14:27:30 - [DELETED] C:\Users\HP\Documents\admisssion_doc\rfd.txt.txt
